<?xml version="1.0" encoding="UTF-8"?>
<!-- Generated by org.testng.reporters.JUnitReportReporter -->
<testsuite hostname="DESKTOP-5DP6JD6" failures="0" tests="1" name="eiziexecution.Forgetpassword" time="14.411" errors="0" timestamp="2024-05-16T18:09:19 IST" skipped="0">
  <testcase classname="eiziexecution.Forgetpassword" name="forgetpassword" time="14.411"/>
  <system-out/>
</testsuite> <!-- eiziexecution.Forgetpassword -->
