<?xml version="1.0" encoding="UTF-8"?>
<!-- Generated by org.testng.reporters.JUnitReportReporter -->
<testsuite hostname="DESKTOP-5DP6JD6" failures="0" tests="1" name="Project.Loginpage" time="1.918" errors="0" timestamp="2024-05-08T14:56:00 IST" skipped="0">
  <testcase classname="Project.Loginpage" name="clickAdmin" time="1.918"/>
  <system-out/>
</testsuite> <!-- Project.Loginpage -->
